Building DAG of jobs...
Provided cores: 12
Rules claiming more threads will be scaled down.
Job counts:
	count	jobs
	1	all
	10	cluster_inserts
	10	extract_inserts_from_fq
	21

rule extract_inserts_from_fq:
    input: /DATA/usr/m.trauernicht/projects/SuRE_deep_scan_trp53_gr/data/pDNA_insert_seq_2/raw/fastq_files/6382_10_MT_lib_PCR_mytaq_CCGCGGTT-CGCAGACG_S10_R1_001.fastq.gz
    output: results/6382_10_MT_lib_PCR_mytaq_CCGCGGTT-CGCAGACG_S10_barcodes.tsv
    log: /DATA/usr/m.trauernicht/projects/SuRE_deep_scan_trp53_gr/pDNA_insert_seq/analysis_gcf6382/log/extract_inserts_from_fq.log
    jobid: 19
    wildcards: ecn=6382_10_MT_lib_PCR_mytaq_CCGCGGTT-CGCAGACG_S10

rule extract_inserts_from_fq:
    input: /DATA/usr/m.trauernicht/projects/SuRE_deep_scan_trp53_gr/data/pDNA_insert_seq_2/raw/fastq_files/6382_3_TF_lib_plasmid_mytaq_megax_GGACTTGG-AGCGCTAG_S3_R1_001.fastq.gz
    output: results/6382_3_TF_lib_plasmid_mytaq_megax_GGACTTGG-AGCGCTAG_S3_barcodes.tsv
    log: /DATA/usr/m.trauernicht/projects/SuRE_deep_scan_trp53_gr/pDNA_insert_seq/analysis_gcf6382/log/extract_inserts_from_fq.log
    jobid: 15
    wildcards: ecn=6382_3_TF_lib_plasmid_mytaq_megax_GGACTTGG-AGCGCTAG_S3

rule extract_inserts_from_fq:
    input: /DATA/usr/m.trauernicht/projects/SuRE_deep_scan_trp53_gr/data/pDNA_insert_seq_2/raw/fastq_files/6382_2_TF_lib_plasmid_kapa_megax_TTATAACC-GATATCGA_S2_R1_001.fastq.gz
    output: results/6382_2_TF_lib_plasmid_kapa_megax_TTATAACC-GATATCGA_S2_barcodes.tsv
    log: /DATA/usr/m.trauernicht/projects/SuRE_deep_scan_trp53_gr/pDNA_insert_seq/analysis_gcf6382/log/extract_inserts_from_fq.log
    jobid: 16
    wildcards: ecn=6382_2_TF_lib_plasmid_kapa_megax_TTATAACC-GATATCGA_S2

rule extract_inserts_from_fq:
    input: /DATA/usr/m.trauernicht/projects/SuRE_deep_scan_trp53_gr/data/pDNA_insert_seq_2/raw/fastq_files/6382_4_TF_lib_oligos_TTATAACC-AGCGCTAG_S4_R1_001.fastq.gz
    output: results/6382_4_TF_lib_oligos_TTATAACC-AGCGCTAG_S4_barcodes.tsv
    log: /DATA/usr/m.trauernicht/projects/SuRE_deep_scan_trp53_gr/pDNA_insert_seq/analysis_gcf6382/log/extract_inserts_from_fq.log
    jobid: 12
    wildcards: ecn=6382_4_TF_lib_oligos_TTATAACC-AGCGCTAG_S4


rule extract_inserts_from_fq:
    input: /DATA/usr/m.trauernicht/projects/SuRE_deep_scan_trp53_gr/data/pDNA_insert_seq_2/raw/fastq_files/6382_6_TF_lib_PCR_mytaq_GGACTTGG-GATATCGA_S6_R1_001.fastq.gz
    output: results/6382_6_TF_lib_PCR_mytaq_GGACTTGG-GATATCGA_S6_barcodes.tsv
    log: /DATA/usr/m.trauernicht/projects/SuRE_deep_scan_trp53_gr/pDNA_insert_seq/analysis_gcf6382/log/extract_inserts_from_fq.log
    jobid: 17
    wildcards: ecn=6382_6_TF_lib_PCR_mytaq_GGACTTGG-GATATCGA_S6

rule extract_inserts_from_fq:
    input: /DATA/usr/m.trauernicht/projects/SuRE_deep_scan_trp53_gr/data/pDNA_insert_seq_2/raw/fastq_files/6382_1_TF_lib_plasmid_kapa_ecloni_CCGCGGTT-GATATCGA_S1_R1_001.fastq.gz
    output: results/6382_1_TF_lib_plasmid_kapa_ecloni_CCGCGGTT-GATATCGA_S1_barcodes.tsv
    log: /DATA/usr/m.trauernicht/projects/SuRE_deep_scan_trp53_gr/pDNA_insert_seq/analysis_gcf6382/log/extract_inserts_from_fq.log
    jobid: 14
    wildcards: ecn=6382_1_TF_lib_plasmid_kapa_ecloni_CCGCGGTT-GATATCGA_S1


rule extract_inserts_from_fq:
    input: /DATA/usr/m.trauernicht/projects/SuRE_deep_scan_trp53_gr/data/pDNA_insert_seq_2/raw/fastq_files/6382_9_MT_lib_PCR_kapa_TTATAACC-CGCAGACG_S9_R1_001.fastq.gz
    output: results/6382_9_MT_lib_PCR_kapa_TTATAACC-CGCAGACG_S9_barcodes.tsv
    log: /DATA/usr/m.trauernicht/projects/SuRE_deep_scan_trp53_gr/pDNA_insert_seq/analysis_gcf6382/log/extract_inserts_from_fq.log
    jobid: 18
    wildcards: ecn=6382_9_MT_lib_PCR_kapa_TTATAACC-CGCAGACG_S9

rule extract_inserts_from_fq:
    input: /DATA/usr/m.trauernicht/projects/SuRE_deep_scan_trp53_gr/data/pDNA_insert_seq_2/raw/fastq_files/6382_8_MT_lib_oligos_CCGCGGTT-AGCGCTAG_S8_R1_001.fastq.gz
    output: results/6382_8_MT_lib_oligos_CCGCGGTT-AGCGCTAG_S8_barcodes.tsv
    log: /DATA/usr/m.trauernicht/projects/SuRE_deep_scan_trp53_gr/pDNA_insert_seq/analysis_gcf6382/log/extract_inserts_from_fq.log
    jobid: 20
    wildcards: ecn=6382_8_MT_lib_oligos_CCGCGGTT-AGCGCTAG_S8


rule extract_inserts_from_fq:
    input: /DATA/usr/m.trauernicht/projects/SuRE_deep_scan_trp53_gr/data/pDNA_insert_seq_2/raw/fastq_files/6382_7_MT_lib_plasmid_mytaq_megax_GGACTTGG-CGCAGACG_S7_R1_001.fastq.gz
    output: results/6382_7_MT_lib_plasmid_mytaq_megax_GGACTTGG-CGCAGACG_S7_barcodes.tsv
    log: /DATA/usr/m.trauernicht/projects/SuRE_deep_scan_trp53_gr/pDNA_insert_seq/analysis_gcf6382/log/extract_inserts_from_fq.log
    jobid: 11
    wildcards: ecn=6382_7_MT_lib_plasmid_mytaq_megax_GGACTTGG-CGCAGACG_S7

rule extract_inserts_from_fq:
    input: /DATA/usr/m.trauernicht/projects/SuRE_deep_scan_trp53_gr/data/pDNA_insert_seq_2/raw/fastq_files/6382_5_TF_lib_PCR_kapa_AAGTCCAA-GATATCGA_S5_R1_001.fastq.gz
    output: results/6382_5_TF_lib_PCR_kapa_AAGTCCAA-GATATCGA_S5_barcodes.tsv
    log: /DATA/usr/m.trauernicht/projects/SuRE_deep_scan_trp53_gr/pDNA_insert_seq/analysis_gcf6382/log/extract_inserts_from_fq.log
    jobid: 13
    wildcards: ecn=6382_5_TF_lib_PCR_kapa_AAGTCCAA-GATATCGA_S5

Finished job 18.
1 of 21 steps (5%) done
Finished job 20.
2 of 21 steps (10%) done
Finished job 19.
3 of 21 steps (14%) done
Finished job 13.
4 of 21 steps (19%) done
Finished job 16.
5 of 21 steps (24%) done
Finished job 17.
6 of 21 steps (29%) done
Finished job 14.
7 of 21 steps (33%) done
Finished job 11.
8 of 21 steps (38%) done
Finished job 15.
9 of 21 steps (43%) done
Finished job 12.
10 of 21 steps (48%) done

rule cluster_inserts:
    input: results/6382_7_MT_lib_plasmid_mytaq_megax_GGACTTGG-CGCAGACG_S7_barcodes.tsv
    output: results/6382_7_MT_lib_plasmid_mytaq_megax_GGACTTGG-CGCAGACG_S7_counts.tsv
    log: /DATA/usr/m.trauernicht/projects/SuRE_deep_scan_trp53_gr/pDNA_insert_seq/analysis_gcf6382/log/cluster_ecn_inserts.log
    jobid: 1
    wildcards: ecn=6382_7_MT_lib_plasmid_mytaq_megax_GGACTTGG-CGCAGACG_S7
    threads: 12

Finished job 1.
11 of 21 steps (52%) done

rule cluster_inserts:
    input: results/6382_4_TF_lib_oligos_TTATAACC-AGCGCTAG_S4_barcodes.tsv
    output: results/6382_4_TF_lib_oligos_TTATAACC-AGCGCTAG_S4_counts.tsv
    log: /DATA/usr/m.trauernicht/projects/SuRE_deep_scan_trp53_gr/pDNA_insert_seq/analysis_gcf6382/log/cluster_ecn_inserts.log
    jobid: 2
    wildcards: ecn=6382_4_TF_lib_oligos_TTATAACC-AGCGCTAG_S4
    threads: 12

Finished job 2.
12 of 21 steps (57%) done

rule cluster_inserts:
    input: results/6382_3_TF_lib_plasmid_mytaq_megax_GGACTTGG-AGCGCTAG_S3_barcodes.tsv
    output: results/6382_3_TF_lib_plasmid_mytaq_megax_GGACTTGG-AGCGCTAG_S3_counts.tsv
    log: /DATA/usr/m.trauernicht/projects/SuRE_deep_scan_trp53_gr/pDNA_insert_seq/analysis_gcf6382/log/cluster_ecn_inserts.log
    jobid: 5
    wildcards: ecn=6382_3_TF_lib_plasmid_mytaq_megax_GGACTTGG-AGCGCTAG_S3
    threads: 12

Finished job 5.
13 of 21 steps (62%) done

rule cluster_inserts:
    input: results/6382_1_TF_lib_plasmid_kapa_ecloni_CCGCGGTT-GATATCGA_S1_barcodes.tsv
    output: results/6382_1_TF_lib_plasmid_kapa_ecloni_CCGCGGTT-GATATCGA_S1_counts.tsv
    log: /DATA/usr/m.trauernicht/projects/SuRE_deep_scan_trp53_gr/pDNA_insert_seq/analysis_gcf6382/log/cluster_ecn_inserts.log
    jobid: 4
    wildcards: ecn=6382_1_TF_lib_plasmid_kapa_ecloni_CCGCGGTT-GATATCGA_S1
    threads: 12

Finished job 4.
14 of 21 steps (67%) done

rule cluster_inserts:
    input: results/6382_2_TF_lib_plasmid_kapa_megax_TTATAACC-GATATCGA_S2_barcodes.tsv
    output: results/6382_2_TF_lib_plasmid_kapa_megax_TTATAACC-GATATCGA_S2_counts.tsv
    log: /DATA/usr/m.trauernicht/projects/SuRE_deep_scan_trp53_gr/pDNA_insert_seq/analysis_gcf6382/log/cluster_ecn_inserts.log
    jobid: 6
    wildcards: ecn=6382_2_TF_lib_plasmid_kapa_megax_TTATAACC-GATATCGA_S2
    threads: 12

Finished job 6.
15 of 21 steps (71%) done

rule cluster_inserts:
    input: results/6382_6_TF_lib_PCR_mytaq_GGACTTGG-GATATCGA_S6_barcodes.tsv
    output: results/6382_6_TF_lib_PCR_mytaq_GGACTTGG-GATATCGA_S6_counts.tsv
    log: /DATA/usr/m.trauernicht/projects/SuRE_deep_scan_trp53_gr/pDNA_insert_seq/analysis_gcf6382/log/cluster_ecn_inserts.log
    jobid: 7
    wildcards: ecn=6382_6_TF_lib_PCR_mytaq_GGACTTGG-GATATCGA_S6
    threads: 12

Finished job 7.
16 of 21 steps (76%) done

rule cluster_inserts:
    input: results/6382_5_TF_lib_PCR_kapa_AAGTCCAA-GATATCGA_S5_barcodes.tsv
    output: results/6382_5_TF_lib_PCR_kapa_AAGTCCAA-GATATCGA_S5_counts.tsv
    log: /DATA/usr/m.trauernicht/projects/SuRE_deep_scan_trp53_gr/pDNA_insert_seq/analysis_gcf6382/log/cluster_ecn_inserts.log
    jobid: 3
    wildcards: ecn=6382_5_TF_lib_PCR_kapa_AAGTCCAA-GATATCGA_S5
    threads: 12

Finished job 3.
17 of 21 steps (81%) done

rule cluster_inserts:
    input: results/6382_10_MT_lib_PCR_mytaq_CCGCGGTT-CGCAGACG_S10_barcodes.tsv
    output: results/6382_10_MT_lib_PCR_mytaq_CCGCGGTT-CGCAGACG_S10_counts.tsv
    log: /DATA/usr/m.trauernicht/projects/SuRE_deep_scan_trp53_gr/pDNA_insert_seq/analysis_gcf6382/log/cluster_ecn_inserts.log
    jobid: 9
    wildcards: ecn=6382_10_MT_lib_PCR_mytaq_CCGCGGTT-CGCAGACG_S10
    threads: 12

Finished job 9.
18 of 21 steps (86%) done

rule cluster_inserts:
    input: results/6382_8_MT_lib_oligos_CCGCGGTT-AGCGCTAG_S8_barcodes.tsv
    output: results/6382_8_MT_lib_oligos_CCGCGGTT-AGCGCTAG_S8_counts.tsv
    log: /DATA/usr/m.trauernicht/projects/SuRE_deep_scan_trp53_gr/pDNA_insert_seq/analysis_gcf6382/log/cluster_ecn_inserts.log
    jobid: 10
    wildcards: ecn=6382_8_MT_lib_oligos_CCGCGGTT-AGCGCTAG_S8
    threads: 12

Finished job 10.
19 of 21 steps (90%) done

rule cluster_inserts:
    input: results/6382_9_MT_lib_PCR_kapa_TTATAACC-CGCAGACG_S9_barcodes.tsv
    output: results/6382_9_MT_lib_PCR_kapa_TTATAACC-CGCAGACG_S9_counts.tsv
    log: /DATA/usr/m.trauernicht/projects/SuRE_deep_scan_trp53_gr/pDNA_insert_seq/analysis_gcf6382/log/cluster_ecn_inserts.log
    jobid: 8
    wildcards: ecn=6382_9_MT_lib_PCR_kapa_TTATAACC-CGCAGACG_S9
    threads: 12

Finished job 8.
20 of 21 steps (95%) done

localrule all:
    input: results/6382_7_MT_lib_plasmid_mytaq_megax_GGACTTGG-CGCAGACG_S7_counts.tsv, results/6382_4_TF_lib_oligos_TTATAACC-AGCGCTAG_S4_counts.tsv, results/6382_1_TF_lib_plasmid_kapa_ecloni_CCGCGGTT-GATATCGA_S1_counts.tsv, results/6382_9_MT_lib_PCR_kapa_TTATAACC-CGCAGACG_S9_counts.tsv, results/6382_2_TF_lib_plasmid_kapa_megax_TTATAACC-GATATCGA_S2_counts.tsv, results/6382_6_TF_lib_PCR_mytaq_GGACTTGG-GATATCGA_S6_counts.tsv, results/6382_8_MT_lib_oligos_CCGCGGTT-AGCGCTAG_S8_counts.tsv, results/6382_10_MT_lib_PCR_mytaq_CCGCGGTT-CGCAGACG_S10_counts.tsv, results/6382_3_TF_lib_plasmid_mytaq_megax_GGACTTGG-AGCGCTAG_S3_counts.tsv, results/6382_5_TF_lib_PCR_kapa_AAGTCCAA-GATATCGA_S5_counts.tsv
    jobid: 0

Finished job 0.
21 of 21 steps (100%) done
Complete log: /DATA/usr/m.trauernicht/projects/SuRE_deep_scan_trp53_gr/pDNA_insert_seq/analysis_gcf6382/.snakemake/log/2021-03-18T132743.537814.snakemake.log
