Building DAG of jobs...
Provided cores: 12
Rules claiming more threads will be scaled down.
Job counts:
	count	jobs
	1	all
	31	cluster_ecn_barcodes
	31	extract_barcodes_from_fq
	63

rule extract_barcodes_from_fq:
    input: /DATA/usr/m.trauernicht/projects/SuRE_deep_scan_trp53_gr/data/gcf6210/raw/6210_48_mES_pMT06_DMSO_rep3_CAATGT-CGCAGACG_S48_R1_001.fastq.gz
    output: results/6210_48_mES_pMT06_DMSO_rep3_CAATGT-CGCAGACG_S48_barcodes.tsv
    log: logs/6210_48_mES_pMT06_DMSO_rep3_CAATGT-CGCAGACG_S48_extract_barcodes_from_fq.log
    jobid: 32
    wildcards: ecn=6210_48_mES_pMT06_DMSO_rep3_CAATGT-CGCAGACG_S48

rule extract_barcodes_from_fq:
    input: /DATA/usr/m.trauernicht/projects/SuRE_deep_scan_trp53_gr/data/gcf6210/raw/6210_9_A549_pMT06_Dex-100_rep1_GATCAG-AGCGCTAG_S9_R1_001.fastq.gz
    output: results/6210_9_A549_pMT06_Dex-100_rep1_GATCAG-AGCGCTAG_S9_barcodes.tsv
    log: logs/6210_9_A549_pMT06_Dex-100_rep1_GATCAG-AGCGCTAG_S9_extract_barcodes_from_fq.log
    jobid: 41
    wildcards: ecn=6210_9_A549_pMT06_Dex-100_rep1_GATCAG-AGCGCTAG_S9

rule extract_barcodes_from_fq:
    input: /DATA/usr/m.trauernicht/projects/SuRE_deep_scan_trp53_gr/data/gcf6210/raw/6210_49_mES_pMT06_N2B27-RA_rep3_AGTGGT-CGCAGACG_S49_R1_001.fastq.gz
    output: results/6210_49_mES_pMT06_N2B27-RA_rep3_AGTGGT-CGCAGACG_S49_barcodes.tsv
    log: logs/6210_49_mES_pMT06_N2B27-RA_rep3_AGTGGT-CGCAGACG_S49_extract_barcodes_from_fq.log
    jobid: 43
    wildcards: ecn=6210_49_mES_pMT06_N2B27-RA_rep3_AGTGGT-CGCAGACG_S49


rule extract_barcodes_from_fq:
    input: /DATA/usr/m.trauernicht/projects/SuRE_deep_scan_trp53_gr/data/gcf6210/raw/6210_43_A549_pMT06_Dex-10_rep3_TAGCTT-CGCAGACG_S43_R1_001.fastq.gz
    output: results/6210_43_A549_pMT06_Dex-10_rep3_TAGCTT-CGCAGACG_S43_barcodes.tsv
    log: logs/6210_43_A549_pMT06_Dex-10_rep3_TAGCTT-CGCAGACG_S43_extract_barcodes_from_fq.log
    jobid: 37
    wildcards: ecn=6210_43_A549_pMT06_Dex-10_rep3_TAGCTT-CGCAGACG_S43


rule extract_barcodes_from_fq:
    input: /DATA/usr/m.trauernicht/projects/SuRE_deep_scan_trp53_gr/data/gcf6210/raw/6210_41_A549_pMT06_DMSO_rep3_ACTTGA-CGCAGACG_S41_R1_001.fastq.gz
    output: results/6210_41_A549_pMT06_DMSO_rep3_ACTTGA-CGCAGACG_S41_barcodes.tsv
    log: logs/6210_41_A549_pMT06_DMSO_rep3_ACTTGA-CGCAGACG_S41_extract_barcodes_from_fq.log
    jobid: 38
    wildcards: ecn=6210_41_A549_pMT06_DMSO_rep3_ACTTGA-CGCAGACG_S41


rule extract_barcodes_from_fq:
    input: /DATA/usr/m.trauernicht/projects/SuRE_deep_scan_trp53_gr/data/gcf6210/raw/6210_3_MCF7-WT_pMT06_DMSO_rep1_TTAGGC-AGCGCTAG_S3_R1_001.fastq.gz
    output: results/6210_3_MCF7-WT_pMT06_DMSO_rep1_TTAGGC-AGCGCTAG_S3_barcodes.tsv
    log: logs/6210_3_MCF7-WT_pMT06_DMSO_rep1_TTAGGC-AGCGCTAG_S3_extract_barcodes_from_fq.log
    jobid: 54
    wildcards: ecn=6210_3_MCF7-WT_pMT06_DMSO_rep1_TTAGGC-AGCGCTAG_S3

rule extract_barcodes_from_fq:
    input: /DATA/usr/m.trauernicht/projects/SuRE_deep_scan_trp53_gr/data/gcf6210/raw/6210_4_MCF7-WT_pMT06_Nutlin_rep1_TGACCA-AGCGCTAG_S4_R1_001.fastq.gz
    output: results/6210_4_MCF7-WT_pMT06_Nutlin_rep1_TGACCA-AGCGCTAG_S4_barcodes.tsv
    log: logs/6210_4_MCF7-WT_pMT06_Nutlin_rep1_TGACCA-AGCGCTAG_S4_extract_barcodes_from_fq.log
    jobid: 39
    wildcards: ecn=6210_4_MCF7-WT_pMT06_Nutlin_rep1_TGACCA-AGCGCTAG_S4


rule extract_barcodes_from_fq:
    input: /DATA/usr/m.trauernicht/projects/SuRE_deep_scan_trp53_gr/data/gcf6210/raw/6210_25_A549_pMT06_DMSO_rep2_ACTTGA-GATATCGA_S25_R1_001.fastq.gz
    output: results/6210_25_A549_pMT06_DMSO_rep2_ACTTGA-GATATCGA_S25_barcodes.tsv
    log: logs/6210_25_A549_pMT06_DMSO_rep2_ACTTGA-GATATCGA_S25_extract_barcodes_from_fq.log
    jobid: 60
    wildcards: ecn=6210_25_A549_pMT06_DMSO_rep2_ACTTGA-GATATCGA_S25

rule extract_barcodes_from_fq:
    input: /DATA/usr/m.trauernicht/projects/SuRE_deep_scan_trp53_gr/data/gcf6210/raw/6210_26_A549_pMT06_Dex-100_rep2_GATCAG-GATATCGA_S26_R1_001.fastq.gz
    output: results/6210_26_A549_pMT06_Dex-100_rep2_GATCAG-GATATCGA_S26_barcodes.tsv
    log: logs/6210_26_A549_pMT06_Dex-100_rep2_GATCAG-GATATCGA_S26_extract_barcodes_from_fq.log
    jobid: 55
    wildcards: ecn=6210_26_A549_pMT06_Dex-100_rep2_GATCAG-GATATCGA_S26


rule extract_barcodes_from_fq:
    input: /DATA/usr/m.trauernicht/projects/SuRE_deep_scan_trp53_gr/data/gcf6210/raw/6210_42_A549_pMT06_Dex-100_rep3_GATCAG-CGCAGACG_S42_R1_001.fastq.gz
    output: results/6210_42_A549_pMT06_Dex-100_rep3_GATCAG-CGCAGACG_S42_barcodes.tsv
    log: logs/6210_42_A549_pMT06_Dex-100_rep3_GATCAG-CGCAGACG_S42_extract_barcodes_from_fq.log
    jobid: 47
    wildcards: ecn=6210_42_A549_pMT06_Dex-100_rep3_GATCAG-CGCAGACG_S42


rule extract_barcodes_from_fq:
    input: /DATA/usr/m.trauernicht/projects/SuRE_deep_scan_trp53_gr/data/gcf6210/raw/6210_50_mES_pMT06_N2B27-HQ_rep3_CACGTT-CGCAGACG_S50_R1_001.fastq.gz
    output: results/6210_50_mES_pMT06_N2B27-HQ_rep3_CACGTT-CGCAGACG_S50_barcodes.tsv
    log: logs/6210_50_mES_pMT06_N2B27-HQ_rep3_CACGTT-CGCAGACG_S50_extract_barcodes_from_fq.log
    jobid: 33
    wildcards: ecn=6210_50_mES_pMT06_N2B27-HQ_rep3_CACGTT-CGCAGACG_S50


rule extract_barcodes_from_fq:
    input: /DATA/usr/m.trauernicht/projects/SuRE_deep_scan_trp53_gr/data/gcf6210/raw/6210_8_A549_pMT06_DMSO_rep1_ACTTGA-AGCGCTAG_S8_R1_001.fastq.gz
    output: results/6210_8_A549_pMT06_DMSO_rep1_ACTTGA-AGCGCTAG_S8_barcodes.tsv
    log: logs/6210_8_A549_pMT06_DMSO_rep1_ACTTGA-AGCGCTAG_S8_extract_barcodes_from_fq.log
    jobid: 62
    wildcards: ecn=6210_8_A549_pMT06_DMSO_rep1_ACTTGA-AGCGCTAG_S8

Waiting at most 5 seconds for missing files.
MissingOutputException in line 20 of /DATA/usr/m.trauernicht/projects/SuRE_deep_scan_trp53_gr/stimulation_1/raw_data_analysis/Snakefile:
Missing files after 5 seconds:
results/6210_48_mES_pMT06_DMSO_rep3_CAATGT-CGCAGACG_S48_barcodes.tsv
This might be due to filesystem latency. If that is the case, consider to increase the wait time with --latency-wait.
Waiting at most 5 seconds for missing files.
MissingOutputException in line 20 of /DATA/usr/m.trauernicht/projects/SuRE_deep_scan_trp53_gr/stimulation_1/raw_data_analysis/Snakefile:
Missing files after 5 seconds:
results/6210_41_A549_pMT06_DMSO_rep3_ACTTGA-CGCAGACG_S41_barcodes.tsv
This might be due to filesystem latency. If that is the case, consider to increase the wait time with --latency-wait.
Will exit after finishing currently running jobs.
Waiting at most 5 seconds for missing files.
MissingOutputException in line 20 of /DATA/usr/m.trauernicht/projects/SuRE_deep_scan_trp53_gr/stimulation_1/raw_data_analysis/Snakefile:
Missing files after 5 seconds:
results/6210_9_A549_pMT06_Dex-100_rep1_GATCAG-AGCGCTAG_S9_barcodes.tsv
This might be due to filesystem latency. If that is the case, consider to increase the wait time with --latency-wait.
Will exit after finishing currently running jobs.
Waiting at most 5 seconds for missing files.
MissingOutputException in line 20 of /DATA/usr/m.trauernicht/projects/SuRE_deep_scan_trp53_gr/stimulation_1/raw_data_analysis/Snakefile:
Missing files after 5 seconds:
results/6210_25_A549_pMT06_DMSO_rep2_ACTTGA-GATATCGA_S25_barcodes.tsv
This might be due to filesystem latency. If that is the case, consider to increase the wait time with --latency-wait.
Will exit after finishing currently running jobs.
Waiting at most 5 seconds for missing files.
MissingOutputException in line 20 of /DATA/usr/m.trauernicht/projects/SuRE_deep_scan_trp53_gr/stimulation_1/raw_data_analysis/Snakefile:
Missing files after 5 seconds:
results/6210_50_mES_pMT06_N2B27-HQ_rep3_CACGTT-CGCAGACG_S50_barcodes.tsv
This might be due to filesystem latency. If that is the case, consider to increase the wait time with --latency-wait.
Waiting at most 5 seconds for missing files.
MissingOutputException in line 20 of /DATA/usr/m.trauernicht/projects/SuRE_deep_scan_trp53_gr/stimulation_1/raw_data_analysis/Snakefile:
Missing files after 5 seconds:
results/6210_49_mES_pMT06_N2B27-RA_rep3_AGTGGT-CGCAGACG_S49_barcodes.tsv
This might be due to filesystem latency. If that is the case, consider to increase the wait time with --latency-wait.
Will exit after finishing currently running jobs.
Waiting at most 5 seconds for missing files.
MissingOutputException in line 20 of /DATA/usr/m.trauernicht/projects/SuRE_deep_scan_trp53_gr/stimulation_1/raw_data_analysis/Snakefile:
Missing files after 5 seconds:
results/6210_3_MCF7-WT_pMT06_DMSO_rep1_TTAGGC-AGCGCTAG_S3_barcodes.tsv
This might be due to filesystem latency. If that is the case, consider to increase the wait time with --latency-wait.
Will exit after finishing currently running jobs.
Waiting at most 5 seconds for missing files.
MissingOutputException in line 20 of /DATA/usr/m.trauernicht/projects/SuRE_deep_scan_trp53_gr/stimulation_1/raw_data_analysis/Snakefile:
Missing files after 5 seconds:
results/6210_26_A549_pMT06_Dex-100_rep2_GATCAG-GATATCGA_S26_barcodes.tsv
This might be due to filesystem latency. If that is the case, consider to increase the wait time with --latency-wait.
Waiting at most 5 seconds for missing files.
MissingOutputException in line 20 of /DATA/usr/m.trauernicht/projects/SuRE_deep_scan_trp53_gr/stimulation_1/raw_data_analysis/Snakefile:
Missing files after 5 seconds:
results/6210_4_MCF7-WT_pMT06_Nutlin_rep1_TGACCA-AGCGCTAG_S4_barcodes.tsv
This might be due to filesystem latency. If that is the case, consider to increase the wait time with --latency-wait.
Will exit after finishing currently running jobs.
Waiting at most 5 seconds for missing files.
Terminating processes on user request.
Error in rule extract_barcodes_from_fq:
Error in rule extract_barcodes_from_fq:
    jobid: 47
    jobid: 37
    output: results/6210_42_A549_pMT06_Dex-100_rep3_GATCAG-CGCAGACG_S42_barcodes.tsv
    output: results/6210_43_A549_pMT06_Dex-10_rep3_TAGCTT-CGCAGACG_S43_barcodes.tsv
    log: logs/6210_42_A549_pMT06_Dex-100_rep3_GATCAG-CGCAGACG_S42_extract_barcodes_from_fq.log
    log: logs/6210_43_A549_pMT06_Dex-10_rep3_TAGCTT-CGCAGACG_S43_extract_barcodes_from_fq.log


RuleException:
CalledProcessError in line 30 of /DATA/usr/m.trauernicht/projects/SuRE_deep_scan_trp53_gr/stimulation_1/raw_data_analysis/Snakefile:
Command ' set -euo pipefail;  /DATA/usr/m.trauernicht/software/miniconda3/envs/tf-activity/bin/python /DATA/usr/m.trauernicht/projects/SuRE_deep_scan_trp53_gr/stimulation_1/raw_data_analysis/.snakemake.bcgp1sun.mt20201117_bc-counts.py ' returned non-zero exit status 1.
  File "/DATA/usr/m.trauernicht/projects/SuRE_deep_scan_trp53_gr/stimulation_1/raw_data_analysis/Snakefile", line 30, in __rule_extract_barcodes_from_fq
  File "/DATA/usr/m.trauernicht/software/miniconda3/envs/tf-activity/lib/python3.6/concurrent/futures/thread.py", line 55, in run
RuleException:
CalledProcessError in line 30 of /DATA/usr/m.trauernicht/projects/SuRE_deep_scan_trp53_gr/stimulation_1/raw_data_analysis/Snakefile:
Command ' set -euo pipefail;  /DATA/usr/m.trauernicht/software/miniconda3/envs/tf-activity/bin/python /DATA/usr/m.trauernicht/projects/SuRE_deep_scan_trp53_gr/stimulation_1/raw_data_analysis/.snakemake.aqd3adcz.mt20201117_bc-counts.py ' returned non-zero exit status 1.
  File "/DATA/usr/m.trauernicht/projects/SuRE_deep_scan_trp53_gr/stimulation_1/raw_data_analysis/Snakefile", line 30, in __rule_extract_barcodes_from_fq
  File "/DATA/usr/m.trauernicht/software/miniconda3/envs/tf-activity/lib/python3.6/concurrent/futures/thread.py", line 55, in run
Cancelling snakemake on user request.
