Building DAG of jobs...
Provided cores: 12
Rules claiming more threads will be scaled down.
Job counts:
	count	jobs
	1	all
	31	cluster_ecn_barcodes
	32

rule cluster_ecn_barcodes:
    input: results/6210_43_A549_pMT06_Dex-10_rep3_TAGCTT-CGCAGACG_S43_barcodes.tsv
    output: results/6210_43_A549_pMT06_Dex-10_rep3_TAGCTT-CGCAGACG_S43_barcode_counts.tsv
    log: logs/6210_43_A549_pMT06_Dex-10_rep3_TAGCTT-CGCAGACG_S43_cluster_ecn_barcodes.log
    jobid: 5
    wildcards: ecn=6210_43_A549_pMT06_Dex-10_rep3_TAGCTT-CGCAGACG_S43
    threads: 12

Finished job 5.
1 of 32 steps (3%) done

rule cluster_ecn_barcodes:
    input: results/6210_42_A549_pMT06_Dex-100_rep3_GATCAG-CGCAGACG_S42_barcodes.tsv
    output: results/6210_42_A549_pMT06_Dex-100_rep3_GATCAG-CGCAGACG_S42_barcode_counts.tsv
    log: logs/6210_42_A549_pMT06_Dex-100_rep3_GATCAG-CGCAGACG_S42_cluster_ecn_barcodes.log
    jobid: 20
    wildcards: ecn=6210_42_A549_pMT06_Dex-100_rep3_GATCAG-CGCAGACG_S42
    threads: 12

Finished job 20.
2 of 32 steps (6%) done

rule cluster_ecn_barcodes:
    input: results/6210_8_A549_pMT06_DMSO_rep1_ACTTGA-AGCGCTAG_S8_barcodes.tsv
    output: results/6210_8_A549_pMT06_DMSO_rep1_ACTTGA-AGCGCTAG_S8_barcode_counts.tsv
    log: logs/6210_8_A549_pMT06_DMSO_rep1_ACTTGA-AGCGCTAG_S8_cluster_ecn_barcodes.log
    jobid: 10
    wildcards: ecn=6210_8_A549_pMT06_DMSO_rep1_ACTTGA-AGCGCTAG_S8
    threads: 12

Finished job 10.
3 of 32 steps (9%) done

rule cluster_ecn_barcodes:
    input: results/6210_4_MCF7-WT_pMT06_Nutlin_rep1_TGACCA-AGCGCTAG_S4_barcodes.tsv
    output: results/6210_4_MCF7-WT_pMT06_Nutlin_rep1_TGACCA-AGCGCTAG_S4_barcode_counts.tsv
    log: logs/6210_4_MCF7-WT_pMT06_Nutlin_rep1_TGACCA-AGCGCTAG_S4_cluster_ecn_barcodes.log
    jobid: 29
    wildcards: ecn=6210_4_MCF7-WT_pMT06_Nutlin_rep1_TGACCA-AGCGCTAG_S4
    threads: 12

Finished job 29.
4 of 32 steps (12%) done

rule cluster_ecn_barcodes:
    input: results/6210_26_A549_pMT06_Dex-100_rep2_GATCAG-GATATCGA_S26_barcodes.tsv
    output: results/6210_26_A549_pMT06_Dex-100_rep2_GATCAG-GATATCGA_S26_barcode_counts.tsv
    log: logs/6210_26_A549_pMT06_Dex-100_rep2_GATCAG-GATATCGA_S26_cluster_ecn_barcodes.log
    jobid: 18
    wildcards: ecn=6210_26_A549_pMT06_Dex-100_rep2_GATCAG-GATATCGA_S26
    threads: 12

Finished job 18.
5 of 32 steps (16%) done

rule cluster_ecn_barcodes:
    input: results/6210_3_MCF7-WT_pMT06_DMSO_rep1_TTAGGC-AGCGCTAG_S3_barcodes.tsv
    output: results/6210_3_MCF7-WT_pMT06_DMSO_rep1_TTAGGC-AGCGCTAG_S3_barcode_counts.tsv
    log: logs/6210_3_MCF7-WT_pMT06_DMSO_rep1_TTAGGC-AGCGCTAG_S3_cluster_ecn_barcodes.log
    jobid: 21
    wildcards: ecn=6210_3_MCF7-WT_pMT06_DMSO_rep1_TTAGGC-AGCGCTAG_S3
    threads: 12

Finished job 21.
6 of 32 steps (19%) done

rule cluster_ecn_barcodes:
    input: results/6210_49_mES_pMT06_N2B27-RA_rep3_AGTGGT-CGCAGACG_S49_barcodes.tsv
    output: results/6210_49_mES_pMT06_N2B27-RA_rep3_AGTGGT-CGCAGACG_S49_barcode_counts.tsv
    log: logs/6210_49_mES_pMT06_N2B27-RA_rep3_AGTGGT-CGCAGACG_S49_cluster_ecn_barcodes.log
    jobid: 6
    wildcards: ecn=6210_49_mES_pMT06_N2B27-RA_rep3_AGTGGT-CGCAGACG_S49
    threads: 12

Finished job 6.
7 of 32 steps (22%) done

rule cluster_ecn_barcodes:
    input: results/6210_25_A549_pMT06_DMSO_rep2_ACTTGA-GATATCGA_S25_barcodes.tsv
    output: results/6210_25_A549_pMT06_DMSO_rep2_ACTTGA-GATATCGA_S25_barcode_counts.tsv
    log: logs/6210_25_A549_pMT06_DMSO_rep2_ACTTGA-GATATCGA_S25_cluster_ecn_barcodes.log
    jobid: 2
    wildcards: ecn=6210_25_A549_pMT06_DMSO_rep2_ACTTGA-GATATCGA_S25
    threads: 12

Finished job 2.
8 of 32 steps (25%) done

rule cluster_ecn_barcodes:
    input: results/6210_50_mES_pMT06_N2B27-HQ_rep3_CACGTT-CGCAGACG_S50_barcodes.tsv
    output: results/6210_50_mES_pMT06_N2B27-HQ_rep3_CACGTT-CGCAGACG_S50_barcode_counts.tsv
    log: logs/6210_50_mES_pMT06_N2B27-HQ_rep3_CACGTT-CGCAGACG_S50_cluster_ecn_barcodes.log
    jobid: 4
    wildcards: ecn=6210_50_mES_pMT06_N2B27-HQ_rep3_CACGTT-CGCAGACG_S50
    threads: 12

Finished job 4.
9 of 32 steps (28%) done

rule cluster_ecn_barcodes:
    input: results/6210_41_A549_pMT06_DMSO_rep3_ACTTGA-CGCAGACG_S41_barcodes.tsv
    output: results/6210_41_A549_pMT06_DMSO_rep3_ACTTGA-CGCAGACG_S41_barcode_counts.tsv
    log: logs/6210_41_A549_pMT06_DMSO_rep3_ACTTGA-CGCAGACG_S41_cluster_ecn_barcodes.log
    jobid: 1
    wildcards: ecn=6210_41_A549_pMT06_DMSO_rep3_ACTTGA-CGCAGACG_S41
    threads: 12

Finished job 1.
10 of 32 steps (31%) done

rule cluster_ecn_barcodes:
    input: results/6210_9_A549_pMT06_Dex-100_rep1_GATCAG-AGCGCTAG_S9_barcodes.tsv
    output: results/6210_9_A549_pMT06_Dex-100_rep1_GATCAG-AGCGCTAG_S9_barcode_counts.tsv
    log: logs/6210_9_A549_pMT06_Dex-100_rep1_GATCAG-AGCGCTAG_S9_cluster_ecn_barcodes.log
    jobid: 16
    wildcards: ecn=6210_9_A549_pMT06_Dex-100_rep1_GATCAG-AGCGCTAG_S9
    threads: 12

Finished job 16.
11 of 32 steps (34%) done

rule cluster_ecn_barcodes:
    input: results/6210_48_mES_pMT06_DMSO_rep3_CAATGT-CGCAGACG_S48_barcodes.tsv
    output: results/6210_48_mES_pMT06_DMSO_rep3_CAATGT-CGCAGACG_S48_barcode_counts.tsv
    log: logs/6210_48_mES_pMT06_DMSO_rep3_CAATGT-CGCAGACG_S48_cluster_ecn_barcodes.log
    jobid: 17
    wildcards: ecn=6210_48_mES_pMT06_DMSO_rep3_CAATGT-CGCAGACG_S48
    threads: 12

Finished job 17.
12 of 32 steps (38%) done

rule cluster_ecn_barcodes:
    input: results/6210_21_MCF7-WT_pMT06_Nutlin_rep2_TGACCA-GATATCGA_S21_barcodes.tsv
    output: results/6210_21_MCF7-WT_pMT06_Nutlin_rep2_TGACCA-GATATCGA_S21_barcode_counts.tsv
    log: logs/6210_21_MCF7-WT_pMT06_Nutlin_rep2_TGACCA-GATATCGA_S21_cluster_ecn_barcodes.log
    jobid: 30
    wildcards: ecn=6210_21_MCF7-WT_pMT06_Nutlin_rep2_TGACCA-GATATCGA_S21
    threads: 12

Finished job 30.
13 of 32 steps (41%) done

rule cluster_ecn_barcodes:
    input: results/6210_27_A549_pMT06_Dex-10_rep2_TAGCTT-GATATCGA_S27_barcodes.tsv
    output: results/6210_27_A549_pMT06_Dex-10_rep2_TAGCTT-GATATCGA_S27_barcode_counts.tsv
    log: logs/6210_27_A549_pMT06_Dex-10_rep2_TAGCTT-GATATCGA_S27_cluster_ecn_barcodes.log
    jobid: 28
    wildcards: ecn=6210_27_A549_pMT06_Dex-10_rep2_TAGCTT-GATATCGA_S27
    threads: 12

Finished job 28.
14 of 32 steps (44%) done

rule cluster_ecn_barcodes:
    input: results/6210_44_A549_pMT06_Dex-1_rep3_GGCTAC-CGCAGACG_S44_barcodes.tsv
    output: results/6210_44_A549_pMT06_Dex-1_rep3_GGCTAC-CGCAGACG_S44_barcode_counts.tsv
    log: logs/6210_44_A549_pMT06_Dex-1_rep3_GGCTAC-CGCAGACG_S44_cluster_ecn_barcodes.log
    jobid: 14
    wildcards: ecn=6210_44_A549_pMT06_Dex-1_rep3_GGCTAC-CGCAGACG_S44
    threads: 12

Finished job 14.
15 of 32 steps (47%) done

rule cluster_ecn_barcodes:
    input: results/6210_55_pMT06_pDNA_rep2_TGTACT-AGCGCTAG_S55_barcodes.tsv
    output: results/6210_55_pMT06_pDNA_rep2_TGTACT-AGCGCTAG_S55_barcode_counts.tsv
    log: logs/6210_55_pMT06_pDNA_rep2_TGTACT-AGCGCTAG_S55_cluster_ecn_barcodes.log
    jobid: 9
    wildcards: ecn=6210_55_pMT06_pDNA_rep2_TGTACT-AGCGCTAG_S55
    threads: 12

Finished job 9.
16 of 32 steps (50%) done

rule cluster_ecn_barcodes:
    input: results/6210_30_mES_pMT06_DMSO_rep2_CAATGT-GATATCGA_S30_barcodes.tsv
    output: results/6210_30_mES_pMT06_DMSO_rep2_CAATGT-GATATCGA_S30_barcode_counts.tsv
    log: logs/6210_30_mES_pMT06_DMSO_rep2_CAATGT-GATATCGA_S30_cluster_ecn_barcodes.log
    jobid: 19
    wildcards: ecn=6210_30_mES_pMT06_DMSO_rep2_CAATGT-GATATCGA_S30
    threads: 12

Finished job 19.
17 of 32 steps (53%) done

rule cluster_ecn_barcodes:
    input: results/6210_28_A549_pMT06_Dex-1_rep2_GGCTAC-GATATCGA_S28_barcodes.tsv
    output: results/6210_28_A549_pMT06_Dex-1_rep2_GGCTAC-GATATCGA_S28_barcode_counts.tsv
    log: logs/6210_28_A549_pMT06_Dex-1_rep2_GGCTAC-GATATCGA_S28_cluster_ecn_barcodes.log
    jobid: 31
    wildcards: ecn=6210_28_A549_pMT06_Dex-1_rep2_GGCTAC-GATATCGA_S28
    threads: 12

Finished job 31.
18 of 32 steps (56%) done

rule cluster_ecn_barcodes:
    input: results/6210_54_pMT06_pDNA_rep1_CTACAG-AGCGCTAG_S54_barcodes.tsv
    output: results/6210_54_pMT06_pDNA_rep1_CTACAG-AGCGCTAG_S54_barcode_counts.tsv
    log: logs/6210_54_pMT06_pDNA_rep1_CTACAG-AGCGCTAG_S54_cluster_ecn_barcodes.log
    jobid: 26
    wildcards: ecn=6210_54_pMT06_pDNA_rep1_CTACAG-AGCGCTAG_S54
    threads: 12

Finished job 26.
19 of 32 steps (59%) done

rule cluster_ecn_barcodes:
    input: results/6210_32_mES_pMT06_N2B27-HQ_rep2_CACGTT-GATATCGA_S32_barcodes.tsv
    output: results/6210_32_mES_pMT06_N2B27-HQ_rep2_CACGTT-GATATCGA_S32_barcode_counts.tsv
    log: logs/6210_32_mES_pMT06_N2B27-HQ_rep2_CACGTT-GATATCGA_S32_cluster_ecn_barcodes.log
    jobid: 24
    wildcards: ecn=6210_32_mES_pMT06_N2B27-HQ_rep2_CACGTT-GATATCGA_S32
    threads: 12

Finished job 24.
20 of 32 steps (62%) done

rule cluster_ecn_barcodes:
    input: results/6210_2_MCF7-KO_pMT06_Nutlin_rep1_CGATGT-AGCGCTAG_S2_barcodes.tsv
    output: results/6210_2_MCF7-KO_pMT06_Nutlin_rep1_CGATGT-AGCGCTAG_S2_barcode_counts.tsv
    log: logs/6210_2_MCF7-KO_pMT06_Nutlin_rep1_CGATGT-AGCGCTAG_S2_cluster_ecn_barcodes.log
    jobid: 27
    wildcards: ecn=6210_2_MCF7-KO_pMT06_Nutlin_rep1_CGATGT-AGCGCTAG_S2
    threads: 12

Finished job 27.
21 of 32 steps (66%) done

rule cluster_ecn_barcodes:
    input: results/6210_31_mES_pMT06_N2B27-RA_rep2_AGTGGT-GATATCGA_S31_barcodes.tsv
    output: results/6210_31_mES_pMT06_N2B27-RA_rep2_AGTGGT-GATATCGA_S31_barcode_counts.tsv
    log: logs/6210_31_mES_pMT06_N2B27-RA_rep2_AGTGGT-GATATCGA_S31_cluster_ecn_barcodes.log
    jobid: 15
    wildcards: ecn=6210_31_mES_pMT06_N2B27-RA_rep2_AGTGGT-GATATCGA_S31
    threads: 12

Finished job 15.
22 of 32 steps (69%) done

rule cluster_ecn_barcodes:
    input: results/6210_19_MCF7-KO_pMT06_Nutlin_rep2_CGATGT-GATATCGA_S19_barcodes.tsv
    output: results/6210_19_MCF7-KO_pMT06_Nutlin_rep2_CGATGT-GATATCGA_S19_barcode_counts.tsv
    log: logs/6210_19_MCF7-KO_pMT06_Nutlin_rep2_CGATGT-GATATCGA_S19_cluster_ecn_barcodes.log
    jobid: 22
    wildcards: ecn=6210_19_MCF7-KO_pMT06_Nutlin_rep2_CGATGT-GATATCGA_S19
    threads: 12

Finished job 22.
23 of 32 steps (72%) done

rule cluster_ecn_barcodes:
    input: results/6210_20_MCF7-WT_pMT06_DMSO_rep2_TTAGGC-GATATCGA_S20_barcodes.tsv
    output: results/6210_20_MCF7-WT_pMT06_DMSO_rep2_TTAGGC-GATATCGA_S20_barcode_counts.tsv
    log: logs/6210_20_MCF7-WT_pMT06_DMSO_rep2_TTAGGC-GATATCGA_S20_cluster_ecn_barcodes.log
    jobid: 3
    wildcards: ecn=6210_20_MCF7-WT_pMT06_DMSO_rep2_TTAGGC-GATATCGA_S20
    threads: 12

Finished job 3.
24 of 32 steps (75%) done

rule cluster_ecn_barcodes:
    input: results/6210_13_mES_pMT06_N2B27-RA_rep1_AGTGGT-AGCGCTAG_S13_barcodes.tsv
    output: results/6210_13_mES_pMT06_N2B27-RA_rep1_AGTGGT-AGCGCTAG_S13_barcode_counts.tsv
    log: logs/6210_13_mES_pMT06_N2B27-RA_rep1_AGTGGT-AGCGCTAG_S13_cluster_ecn_barcodes.log
    jobid: 25
    wildcards: ecn=6210_13_mES_pMT06_N2B27-RA_rep1_AGTGGT-AGCGCTAG_S13
    threads: 12

Finished job 25.
25 of 32 steps (78%) done

rule cluster_ecn_barcodes:
    input: results/6210_14_mES_pMT06_N2B27-HQ_rep1_CACGTT-AGCGCTAG_S14_barcodes.tsv
    output: results/6210_14_mES_pMT06_N2B27-HQ_rep1_CACGTT-AGCGCTAG_S14_barcode_counts.tsv
    log: logs/6210_14_mES_pMT06_N2B27-HQ_rep1_CACGTT-AGCGCTAG_S14_cluster_ecn_barcodes.log
    jobid: 11
    wildcards: ecn=6210_14_mES_pMT06_N2B27-HQ_rep1_CACGTT-AGCGCTAG_S14
    threads: 12

Finished job 11.
26 of 32 steps (81%) done

rule cluster_ecn_barcodes:
    input: results/6210_36_MCF7-KO_pMT06_Nutlin_rep3_CGATGT-CGCAGACG_S36_barcodes.tsv
    output: results/6210_36_MCF7-KO_pMT06_Nutlin_rep3_CGATGT-CGCAGACG_S36_barcode_counts.tsv
    log: logs/6210_36_MCF7-KO_pMT06_Nutlin_rep3_CGATGT-CGCAGACG_S36_cluster_ecn_barcodes.log
    jobid: 12
    wildcards: ecn=6210_36_MCF7-KO_pMT06_Nutlin_rep3_CGATGT-CGCAGACG_S36
    threads: 12

Finished job 12.
27 of 32 steps (84%) done

rule cluster_ecn_barcodes:
    input: results/6210_37_MCF7-WT_pMT06_DMSO_rep3_TTAGGC-CGCAGACG_S37_barcodes.tsv
    output: results/6210_37_MCF7-WT_pMT06_DMSO_rep3_TTAGGC-CGCAGACG_S37_barcode_counts.tsv
    log: logs/6210_37_MCF7-WT_pMT06_DMSO_rep3_TTAGGC-CGCAGACG_S37_cluster_ecn_barcodes.log
    jobid: 23
    wildcards: ecn=6210_37_MCF7-WT_pMT06_DMSO_rep3_TTAGGC-CGCAGACG_S37
    threads: 12

Finished job 23.
28 of 32 steps (88%) done

rule cluster_ecn_barcodes:
    input: results/6210_1_MCF7-KO_pMT06_DMSO_rep1_ATCACG-AGCGCTAG_S1_barcodes.tsv
    output: results/6210_1_MCF7-KO_pMT06_DMSO_rep1_ATCACG-AGCGCTAG_S1_barcode_counts.tsv
    log: logs/6210_1_MCF7-KO_pMT06_DMSO_rep1_ATCACG-AGCGCTAG_S1_cluster_ecn_barcodes.log
    jobid: 7
    wildcards: ecn=6210_1_MCF7-KO_pMT06_DMSO_rep1_ATCACG-AGCGCTAG_S1
    threads: 12

Finished job 7.
29 of 32 steps (91%) done

rule cluster_ecn_barcodes:
    input: results/6210_38_MCF7-WT_pMT06_Nutlin_rep3_TGACCA-CGCAGACG_S38_barcodes.tsv
    output: results/6210_38_MCF7-WT_pMT06_Nutlin_rep3_TGACCA-CGCAGACG_S38_barcode_counts.tsv
    log: logs/6210_38_MCF7-WT_pMT06_Nutlin_rep3_TGACCA-CGCAGACG_S38_cluster_ecn_barcodes.log
    jobid: 8
    wildcards: ecn=6210_38_MCF7-WT_pMT06_Nutlin_rep3_TGACCA-CGCAGACG_S38
    threads: 12

Finished job 8.
30 of 32 steps (94%) done

rule cluster_ecn_barcodes:
    input: results/6210_18_MCF7-KO_pMT06_DMSO_rep2_ATCACG-GATATCGA_S18_barcodes.tsv
    output: results/6210_18_MCF7-KO_pMT06_DMSO_rep2_ATCACG-GATATCGA_S18_barcode_counts.tsv
    log: logs/6210_18_MCF7-KO_pMT06_DMSO_rep2_ATCACG-GATATCGA_S18_cluster_ecn_barcodes.log
    jobid: 13
    wildcards: ecn=6210_18_MCF7-KO_pMT06_DMSO_rep2_ATCACG-GATATCGA_S18
    threads: 12

Finished job 13.
31 of 32 steps (97%) done

localrule all:
    input: results/6210_32_mES_pMT06_N2B27-HQ_rep2_CACGTT-GATATCGA_S32_barcode_counts.tsv, results/6210_9_A549_pMT06_Dex-100_rep1_GATCAG-AGCGCTAG_S9_barcode_counts.tsv, results/6210_14_mES_pMT06_N2B27-HQ_rep1_CACGTT-AGCGCTAG_S14_barcode_counts.tsv, results/6210_41_A549_pMT06_DMSO_rep3_ACTTGA-CGCAGACG_S41_barcode_counts.tsv, results/6210_31_mES_pMT06_N2B27-RA_rep2_AGTGGT-GATATCGA_S31_barcode_counts.tsv, results/6210_19_MCF7-KO_pMT06_Nutlin_rep2_CGATGT-GATATCGA_S19_barcode_counts.tsv, results/6210_3_MCF7-WT_pMT06_DMSO_rep1_TTAGGC-AGCGCTAG_S3_barcode_counts.tsv, results/6210_27_A549_pMT06_Dex-10_rep2_TAGCTT-GATATCGA_S27_barcode_counts.tsv, results/6210_36_MCF7-KO_pMT06_Nutlin_rep3_CGATGT-CGCAGACG_S36_barcode_counts.tsv, results/6210_55_pMT06_pDNA_rep2_TGTACT-AGCGCTAG_S55_barcode_counts.tsv, results/6210_38_MCF7-WT_pMT06_Nutlin_rep3_TGACCA-CGCAGACG_S38_barcode_counts.tsv, results/6210_30_mES_pMT06_DMSO_rep2_CAATGT-GATATCGA_S30_barcode_counts.tsv, results/6210_8_A549_pMT06_DMSO_rep1_ACTTGA-AGCGCTAG_S8_barcode_counts.tsv, results/6210_13_mES_pMT06_N2B27-RA_rep1_AGTGGT-AGCGCTAG_S13_barcode_counts.tsv, results/6210_21_MCF7-WT_pMT06_Nutlin_rep2_TGACCA-GATATCGA_S21_barcode_counts.tsv, results/6210_37_MCF7-WT_pMT06_DMSO_rep3_TTAGGC-CGCAGACG_S37_barcode_counts.tsv, results/6210_50_mES_pMT06_N2B27-HQ_rep3_CACGTT-CGCAGACG_S50_barcode_counts.tsv, results/6210_26_A549_pMT06_Dex-100_rep2_GATCAG-GATATCGA_S26_barcode_counts.tsv, results/6210_48_mES_pMT06_DMSO_rep3_CAATGT-CGCAGACG_S48_barcode_counts.tsv, results/6210_25_A549_pMT06_DMSO_rep2_ACTTGA-GATATCGA_S25_barcode_counts.tsv, results/6210_49_mES_pMT06_N2B27-RA_rep3_AGTGGT-CGCAGACG_S49_barcode_counts.tsv, results/6210_54_pMT06_pDNA_rep1_CTACAG-AGCGCTAG_S54_barcode_counts.tsv, results/6210_2_MCF7-KO_pMT06_Nutlin_rep1_CGATGT-AGCGCTAG_S2_barcode_counts.tsv, results/6210_18_MCF7-KO_pMT06_DMSO_rep2_ATCACG-GATATCGA_S18_barcode_counts.tsv, results/6210_1_MCF7-KO_pMT06_DMSO_rep1_ATCACG-AGCGCTAG_S1_barcode_counts.tsv, results/6210_43_A549_pMT06_Dex-10_rep3_TAGCTT-CGCAGACG_S43_barcode_counts.tsv, results/6210_42_A549_pMT06_Dex-100_rep3_GATCAG-CGCAGACG_S42_barcode_counts.tsv, results/6210_4_MCF7-WT_pMT06_Nutlin_rep1_TGACCA-AGCGCTAG_S4_barcode_counts.tsv, results/6210_44_A549_pMT06_Dex-1_rep3_GGCTAC-CGCAGACG_S44_barcode_counts.tsv, results/6210_28_A549_pMT06_Dex-1_rep2_GGCTAC-GATATCGA_S28_barcode_counts.tsv, results/6210_20_MCF7-WT_pMT06_DMSO_rep2_TTAGGC-GATATCGA_S20_barcode_counts.tsv
    jobid: 0

Finished job 0.
32 of 32 steps (100%) done
Complete log: /DATA/usr/m.trauernicht/projects/SuRE_deep_scan_trp53_gr/stimulation_1/raw_data_analysis/.snakemake/log/2020-11-17T103412.552378.snakemake.log
