Building DAG of jobs...
Using shell: /bin/bash
Provided cores: 12
Rules claiming more threads will be scaled down.
Conda environments: ignored
Job counts:
	count	jobs
	1	all
	31	cluster_ecn_barcodes
	31	extract_barcodes_from_fq
	63

[Tue Nov 17 10:24:59 2020]
rule extract_barcodes_from_fq:
    input: /DATA/usr/m.trauernicht/projects/SuRE_deep_scan_trp53_gr/data/gcf6210/raw/6210_3_MCF7-WT_pMT06_DMSO_rep1_TTAGGC-AGCGCTAG_S3_R1_001.fastq.gz
    output: results/6210_3_MCF7-WT_pMT06_DMSO_rep1_TTAGGC-AGCGCTAG_S3_barcodes.tsv
    log: logs/6210_3_MCF7-WT_pMT06_DMSO_rep1_TTAGGC-AGCGCTAG_S3_extract_barcodes_from_fq.log
    jobid: 38
    wildcards: ecn=6210_3_MCF7-WT_pMT06_DMSO_rep1_TTAGGC-AGCGCTAG_S3

[Tue Nov 17 10:24:59 2020]
rule extract_barcodes_from_fq:
    input: /DATA/usr/m.trauernicht/projects/SuRE_deep_scan_trp53_gr/data/gcf6210/raw/6210_8_A549_pMT06_DMSO_rep1_ACTTGA-AGCGCTAG_S8_R1_001.fastq.gz
    output: results/6210_8_A549_pMT06_DMSO_rep1_ACTTGA-AGCGCTAG_S8_barcodes.tsv
    log: logs/6210_8_A549_pMT06_DMSO_rep1_ACTTGA-AGCGCTAG_S8_extract_barcodes_from_fq.log
    jobid: 44
    wildcards: ecn=6210_8_A549_pMT06_DMSO_rep1_ACTTGA-AGCGCTAG_S8

[Tue Nov 17 10:24:59 2020]
rule extract_barcodes_from_fq:
    input: /DATA/usr/m.trauernicht/projects/SuRE_deep_scan_trp53_gr/data/gcf6210/raw/6210_25_A549_pMT06_DMSO_rep2_ACTTGA-GATATCGA_S25_R1_001.fastq.gz
    output: results/6210_25_A549_pMT06_DMSO_rep2_ACTTGA-GATATCGA_S25_barcodes.tsv
    log: logs/6210_25_A549_pMT06_DMSO_rep2_ACTTGA-GATATCGA_S25_extract_barcodes_from_fq.log
    jobid: 51
    wildcards: ecn=6210_25_A549_pMT06_DMSO_rep2_ACTTGA-GATATCGA_S25

[Tue Nov 17 10:24:59 2020]
rule extract_barcodes_from_fq:
    input: /DATA/usr/m.trauernicht/projects/SuRE_deep_scan_trp53_gr/data/gcf6210/raw/6210_43_A549_pMT06_Dex-10_rep3_TAGCTT-CGCAGACG_S43_R1_001.fastq.gz
    output: results/6210_43_A549_pMT06_Dex-10_rep3_TAGCTT-CGCAGACG_S43_barcodes.tsv
    log: logs/6210_43_A549_pMT06_Dex-10_rep3_TAGCTT-CGCAGACG_S43_extract_barcodes_from_fq.log
    jobid: 57
    wildcards: ecn=6210_43_A549_pMT06_Dex-10_rep3_TAGCTT-CGCAGACG_S43

[Tue Nov 17 10:24:59 2020]
rule extract_barcodes_from_fq:
    input: /DATA/usr/m.trauernicht/projects/SuRE_deep_scan_trp53_gr/data/gcf6210/raw/6210_26_A549_pMT06_Dex-100_rep2_GATCAG-GATATCGA_S26_R1_001.fastq.gz
    output: results/6210_26_A549_pMT06_Dex-100_rep2_GATCAG-GATATCGA_S26_barcodes.tsv
    log: logs/6210_26_A549_pMT06_Dex-100_rep2_GATCAG-GATATCGA_S26_extract_barcodes_from_fq.log
    jobid: 49
    wildcards: ecn=6210_26_A549_pMT06_Dex-100_rep2_GATCAG-GATATCGA_S26

[Tue Nov 17 10:24:59 2020]
rule extract_barcodes_from_fq:
    input: /DATA/usr/m.trauernicht/projects/SuRE_deep_scan_trp53_gr/data/gcf6210/raw/6210_50_mES_pMT06_N2B27-HQ_rep3_CACGTT-CGCAGACG_S50_R1_001.fastq.gz
    output: results/6210_50_mES_pMT06_N2B27-HQ_rep3_CACGTT-CGCAGACG_S50_barcodes.tsv
    log: logs/6210_50_mES_pMT06_N2B27-HQ_rep3_CACGTT-CGCAGACG_S50_extract_barcodes_from_fq.log
    jobid: 48
    wildcards: ecn=6210_50_mES_pMT06_N2B27-HQ_rep3_CACGTT-CGCAGACG_S50

[Tue Nov 17 10:24:59 2020]
rule extract_barcodes_from_fq:
    input: /DATA/usr/m.trauernicht/projects/SuRE_deep_scan_trp53_gr/data/gcf6210/raw/6210_42_A549_pMT06_Dex-100_rep3_GATCAG-CGCAGACG_S42_R1_001.fastq.gz
    output: results/6210_42_A549_pMT06_Dex-100_rep3_GATCAG-CGCAGACG_S42_barcodes.tsv
    log: logs/6210_42_A549_pMT06_Dex-100_rep3_GATCAG-CGCAGACG_S42_extract_barcodes_from_fq.log
    jobid: 58
    wildcards: ecn=6210_42_A549_pMT06_Dex-100_rep3_GATCAG-CGCAGACG_S42

[Tue Nov 17 10:24:59 2020]
rule extract_barcodes_from_fq:
    input: /DATA/usr/m.trauernicht/projects/SuRE_deep_scan_trp53_gr/data/gcf6210/raw/6210_49_mES_pMT06_N2B27-RA_rep3_AGTGGT-CGCAGACG_S49_R1_001.fastq.gz
    output: results/6210_49_mES_pMT06_N2B27-RA_rep3_AGTGGT-CGCAGACG_S49_barcodes.tsv
    log: logs/6210_49_mES_pMT06_N2B27-RA_rep3_AGTGGT-CGCAGACG_S49_extract_barcodes_from_fq.log
    jobid: 52
    wildcards: ecn=6210_49_mES_pMT06_N2B27-RA_rep3_AGTGGT-CGCAGACG_S49

[Tue Nov 17 10:24:59 2020]
rule extract_barcodes_from_fq:
    input: /DATA/usr/m.trauernicht/projects/SuRE_deep_scan_trp53_gr/data/gcf6210/raw/6210_48_mES_pMT06_DMSO_rep3_CAATGT-CGCAGACG_S48_R1_001.fastq.gz
    output: results/6210_48_mES_pMT06_DMSO_rep3_CAATGT-CGCAGACG_S48_barcodes.tsv
    log: logs/6210_48_mES_pMT06_DMSO_rep3_CAATGT-CGCAGACG_S48_extract_barcodes_from_fq.log
    jobid: 50
    wildcards: ecn=6210_48_mES_pMT06_DMSO_rep3_CAATGT-CGCAGACG_S48

[Tue Nov 17 10:24:59 2020]
rule extract_barcodes_from_fq:
    input: /DATA/usr/m.trauernicht/projects/SuRE_deep_scan_trp53_gr/data/gcf6210/raw/6210_41_A549_pMT06_DMSO_rep3_ACTTGA-CGCAGACG_S41_R1_001.fastq.gz
    output: results/6210_41_A549_pMT06_DMSO_rep3_ACTTGA-CGCAGACG_S41_barcodes.tsv
    log: logs/6210_41_A549_pMT06_DMSO_rep3_ACTTGA-CGCAGACG_S41_extract_barcodes_from_fq.log
    jobid: 35
    wildcards: ecn=6210_41_A549_pMT06_DMSO_rep3_ACTTGA-CGCAGACG_S41


[Tue Nov 17 10:25:00 2020]
rule extract_barcodes_from_fq:
    input: /DATA/usr/m.trauernicht/projects/SuRE_deep_scan_trp53_gr/data/gcf6210/raw/6210_9_A549_pMT06_Dex-100_rep1_GATCAG-AGCGCTAG_S9_R1_001.fastq.gz
    output: results/6210_9_A549_pMT06_Dex-100_rep1_GATCAG-AGCGCTAG_S9_barcodes.tsv
    log: logs/6210_9_A549_pMT06_Dex-100_rep1_GATCAG-AGCGCTAG_S9_extract_barcodes_from_fq.log
    jobid: 33
    wildcards: ecn=6210_9_A549_pMT06_Dex-100_rep1_GATCAG-AGCGCTAG_S9

[Tue Nov 17 10:25:00 2020]
rule extract_barcodes_from_fq:
    input: /DATA/usr/m.trauernicht/projects/SuRE_deep_scan_trp53_gr/data/gcf6210/raw/6210_4_MCF7-WT_pMT06_Nutlin_rep1_TGACCA-AGCGCTAG_S4_R1_001.fastq.gz
    output: results/6210_4_MCF7-WT_pMT06_Nutlin_rep1_TGACCA-AGCGCTAG_S4_barcodes.tsv
    log: logs/6210_4_MCF7-WT_pMT06_Nutlin_rep1_TGACCA-AGCGCTAG_S4_extract_barcodes_from_fq.log
    jobid: 59
    wildcards: ecn=6210_4_MCF7-WT_pMT06_Nutlin_rep1_TGACCA-AGCGCTAG_S4

[Tue Nov 17 10:27:51 2020]
Finished job 50.
1 of 63 steps (2%) done

[Tue Nov 17 10:27:51 2020]
rule extract_barcodes_from_fq:
    input: /DATA/usr/m.trauernicht/projects/SuRE_deep_scan_trp53_gr/data/gcf6210/raw/6210_27_A549_pMT06_Dex-10_rep2_TAGCTT-GATATCGA_S27_R1_001.fastq.gz
    output: results/6210_27_A549_pMT06_Dex-10_rep2_TAGCTT-GATATCGA_S27_barcodes.tsv
    log: logs/6210_27_A549_pMT06_Dex-10_rep2_TAGCTT-GATATCGA_S27_extract_barcodes_from_fq.log
    jobid: 39
    wildcards: ecn=6210_27_A549_pMT06_Dex-10_rep2_TAGCTT-GATATCGA_S27

[Tue Nov 17 10:27:51 2020]
Finished job 35.
2 of 63 steps (3%) done

[Tue Nov 17 10:27:51 2020]
rule extract_barcodes_from_fq:
    input: /DATA/usr/m.trauernicht/projects/SuRE_deep_scan_trp53_gr/data/gcf6210/raw/6210_21_MCF7-WT_pMT06_Nutlin_rep2_TGACCA-GATATCGA_S21_R1_001.fastq.gz
    output: results/6210_21_MCF7-WT_pMT06_Nutlin_rep2_TGACCA-GATATCGA_S21_barcodes.tsv
    log: logs/6210_21_MCF7-WT_pMT06_Nutlin_rep2_TGACCA-GATATCGA_S21_extract_barcodes_from_fq.log
    jobid: 46
    wildcards: ecn=6210_21_MCF7-WT_pMT06_Nutlin_rep2_TGACCA-GATATCGA_S21

[Tue Nov 17 10:27:57 2020]
Finished job 33.
3 of 63 steps (5%) done

[Tue Nov 17 10:27:57 2020]
rule extract_barcodes_from_fq:
    input: /DATA/usr/m.trauernicht/projects/SuRE_deep_scan_trp53_gr/data/gcf6210/raw/6210_44_A549_pMT06_Dex-1_rep3_GGCTAC-CGCAGACG_S44_R1_001.fastq.gz
    output: results/6210_44_A549_pMT06_Dex-1_rep3_GGCTAC-CGCAGACG_S44_barcodes.tsv
    log: logs/6210_44_A549_pMT06_Dex-1_rep3_GGCTAC-CGCAGACG_S44_extract_barcodes_from_fq.log
    jobid: 60
    wildcards: ecn=6210_44_A549_pMT06_Dex-1_rep3_GGCTAC-CGCAGACG_S44

[Tue Nov 17 10:28:08 2020]
Finished job 51.
4 of 63 steps (6%) done

[Tue Nov 17 10:28:08 2020]
rule extract_barcodes_from_fq:
    input: /DATA/usr/m.trauernicht/projects/SuRE_deep_scan_trp53_gr/data/gcf6210/raw/6210_55_pMT06_pDNA_rep2_TGTACT-AGCGCTAG_S55_R1_001.fastq.gz
    output: results/6210_55_pMT06_pDNA_rep2_TGTACT-AGCGCTAG_S55_barcodes.tsv
    log: logs/6210_55_pMT06_pDNA_rep2_TGTACT-AGCGCTAG_S55_extract_barcodes_from_fq.log
    jobid: 41
    wildcards: ecn=6210_55_pMT06_pDNA_rep2_TGTACT-AGCGCTAG_S55

[Tue Nov 17 10:28:14 2020]
Finished job 48.
5 of 63 steps (8%) done

[Tue Nov 17 10:28:14 2020]
rule extract_barcodes_from_fq:
    input: /DATA/usr/m.trauernicht/projects/SuRE_deep_scan_trp53_gr/data/gcf6210/raw/6210_30_mES_pMT06_DMSO_rep2_CAATGT-GATATCGA_S30_R1_001.fastq.gz
    output: results/6210_30_mES_pMT06_DMSO_rep2_CAATGT-GATATCGA_S30_barcodes.tsv
    log: logs/6210_30_mES_pMT06_DMSO_rep2_CAATGT-GATATCGA_S30_extract_barcodes_from_fq.log
    jobid: 43
    wildcards: ecn=6210_30_mES_pMT06_DMSO_rep2_CAATGT-GATATCGA_S30

[Tue Nov 17 10:28:19 2020]
Finished job 38.
6 of 63 steps (10%) done

[Tue Nov 17 10:28:19 2020]
rule extract_barcodes_from_fq:
    input: /DATA/usr/m.trauernicht/projects/SuRE_deep_scan_trp53_gr/data/gcf6210/raw/6210_28_A549_pMT06_Dex-1_rep2_GGCTAC-GATATCGA_S28_R1_001.fastq.gz
    output: results/6210_28_A549_pMT06_Dex-1_rep2_GGCTAC-GATATCGA_S28_barcodes.tsv
    log: logs/6210_28_A549_pMT06_Dex-1_rep2_GGCTAC-GATATCGA_S28_extract_barcodes_from_fq.log
    jobid: 61
    wildcards: ecn=6210_28_A549_pMT06_Dex-1_rep2_GGCTAC-GATATCGA_S28

[Tue Nov 17 10:28:30 2020]
Finished job 52.
7 of 63 steps (11%) done

[Tue Nov 17 10:28:30 2020]
rule extract_barcodes_from_fq:
    input: /DATA/usr/m.trauernicht/projects/SuRE_deep_scan_trp53_gr/data/gcf6210/raw/6210_54_pMT06_pDNA_rep1_CTACAG-AGCGCTAG_S54_R1_001.fastq.gz
    output: results/6210_54_pMT06_pDNA_rep1_CTACAG-AGCGCTAG_S54_barcodes.tsv
    log: logs/6210_54_pMT06_pDNA_rep1_CTACAG-AGCGCTAG_S54_extract_barcodes_from_fq.log
    jobid: 53
    wildcards: ecn=6210_54_pMT06_pDNA_rep1_CTACAG-AGCGCTAG_S54

[Tue Nov 17 10:28:50 2020]
Finished job 59.
8 of 63 steps (13%) done

[Tue Nov 17 10:28:50 2020]
rule extract_barcodes_from_fq:
    input: /DATA/usr/m.trauernicht/projects/SuRE_deep_scan_trp53_gr/data/gcf6210/raw/6210_32_mES_pMT06_N2B27-HQ_rep2_CACGTT-GATATCGA_S32_R1_001.fastq.gz
    output: results/6210_32_mES_pMT06_N2B27-HQ_rep2_CACGTT-GATATCGA_S32_barcodes.tsv
    log: logs/6210_32_mES_pMT06_N2B27-HQ_rep2_CACGTT-GATATCGA_S32_extract_barcodes_from_fq.log
    jobid: 32
    wildcards: ecn=6210_32_mES_pMT06_N2B27-HQ_rep2_CACGTT-GATATCGA_S32

[Tue Nov 17 10:28:52 2020]
Finished job 49.
9 of 63 steps (14%) done

[Tue Nov 17 10:28:52 2020]
rule extract_barcodes_from_fq:
    input: /DATA/usr/m.trauernicht/projects/SuRE_deep_scan_trp53_gr/data/gcf6210/raw/6210_2_MCF7-KO_pMT06_Nutlin_rep1_CGATGT-AGCGCTAG_S2_R1_001.fastq.gz
    output: results/6210_2_MCF7-KO_pMT06_Nutlin_rep1_CGATGT-AGCGCTAG_S2_barcodes.tsv
    log: logs/6210_2_MCF7-KO_pMT06_Nutlin_rep1_CGATGT-AGCGCTAG_S2_extract_barcodes_from_fq.log
    jobid: 54
    wildcards: ecn=6210_2_MCF7-KO_pMT06_Nutlin_rep1_CGATGT-AGCGCTAG_S2

[Tue Nov 17 10:29:09 2020]
Finished job 44.
10 of 63 steps (16%) done

[Tue Nov 17 10:29:09 2020]
rule extract_barcodes_from_fq:
    input: /DATA/usr/m.trauernicht/projects/SuRE_deep_scan_trp53_gr/data/gcf6210/raw/6210_14_mES_pMT06_N2B27-HQ_rep1_CACGTT-AGCGCTAG_S14_R1_001.fastq.gz
    output: results/6210_14_mES_pMT06_N2B27-HQ_rep1_CACGTT-AGCGCTAG_S14_barcodes.tsv
    log: logs/6210_14_mES_pMT06_N2B27-HQ_rep1_CACGTT-AGCGCTAG_S14_extract_barcodes_from_fq.log
    jobid: 34
    wildcards: ecn=6210_14_mES_pMT06_N2B27-HQ_rep1_CACGTT-AGCGCTAG_S14

[Tue Nov 17 10:29:54 2020]
Finished job 57.
11 of 63 steps (17%) done

[Tue Nov 17 10:29:54 2020]
rule extract_barcodes_from_fq:
    input: /DATA/usr/m.trauernicht/projects/SuRE_deep_scan_trp53_gr/data/gcf6210/raw/6210_19_MCF7-KO_pMT06_Nutlin_rep2_CGATGT-GATATCGA_S19_R1_001.fastq.gz
    output: results/6210_19_MCF7-KO_pMT06_Nutlin_rep2_CGATGT-GATATCGA_S19_barcodes.tsv
    log: logs/6210_19_MCF7-KO_pMT06_Nutlin_rep2_CGATGT-GATATCGA_S19_extract_barcodes_from_fq.log
    jobid: 37
    wildcards: ecn=6210_19_MCF7-KO_pMT06_Nutlin_rep2_CGATGT-GATATCGA_S19

[Tue Nov 17 10:30:02 2020]
Finished job 58.
12 of 63 steps (19%) done

[Tue Nov 17 10:30:02 2020]
rule extract_barcodes_from_fq:
    input: /DATA/usr/m.trauernicht/projects/SuRE_deep_scan_trp53_gr/data/gcf6210/raw/6210_20_MCF7-WT_pMT06_DMSO_rep2_TTAGGC-GATATCGA_S20_R1_001.fastq.gz
    output: results/6210_20_MCF7-WT_pMT06_DMSO_rep2_TTAGGC-GATATCGA_S20_barcodes.tsv
    log: logs/6210_20_MCF7-WT_pMT06_DMSO_rep2_TTAGGC-GATATCGA_S20_extract_barcodes_from_fq.log
    jobid: 62
    wildcards: ecn=6210_20_MCF7-WT_pMT06_DMSO_rep2_TTAGGC-GATATCGA_S20

[Tue Nov 17 10:30:27 2020]
Finished job 60.
13 of 63 steps (21%) done

[Tue Nov 17 10:30:27 2020]
rule extract_barcodes_from_fq:
    input: /DATA/usr/m.trauernicht/projects/SuRE_deep_scan_trp53_gr/data/gcf6210/raw/6210_13_mES_pMT06_N2B27-RA_rep1_AGTGGT-AGCGCTAG_S13_R1_001.fastq.gz
    output: results/6210_13_mES_pMT06_N2B27-RA_rep1_AGTGGT-AGCGCTAG_S13_barcodes.tsv
    log: logs/6210_13_mES_pMT06_N2B27-RA_rep1_AGTGGT-AGCGCTAG_S13_extract_barcodes_from_fq.log
    jobid: 45
    wildcards: ecn=6210_13_mES_pMT06_N2B27-RA_rep1_AGTGGT-AGCGCTAG_S13

[Tue Nov 17 10:30:28 2020]
Finished job 46.
14 of 63 steps (22%) done

[Tue Nov 17 10:30:28 2020]
rule extract_barcodes_from_fq:
    input: /DATA/usr/m.trauernicht/projects/SuRE_deep_scan_trp53_gr/data/gcf6210/raw/6210_31_mES_pMT06_N2B27-RA_rep2_AGTGGT-GATATCGA_S31_R1_001.fastq.gz
    output: results/6210_31_mES_pMT06_N2B27-RA_rep2_AGTGGT-GATATCGA_S31_barcodes.tsv
    log: logs/6210_31_mES_pMT06_N2B27-RA_rep2_AGTGGT-GATATCGA_S31_extract_barcodes_from_fq.log
    jobid: 36
    wildcards: ecn=6210_31_mES_pMT06_N2B27-RA_rep2_AGTGGT-GATATCGA_S31

[Tue Nov 17 10:30:33 2020]
Finished job 39.
15 of 63 steps (24%) done

[Tue Nov 17 10:30:33 2020]
rule extract_barcodes_from_fq:
    input: /DATA/usr/m.trauernicht/projects/SuRE_deep_scan_trp53_gr/data/gcf6210/raw/6210_1_MCF7-KO_pMT06_DMSO_rep1_ATCACG-AGCGCTAG_S1_R1_001.fastq.gz
    output: results/6210_1_MCF7-KO_pMT06_DMSO_rep1_ATCACG-AGCGCTAG_S1_barcodes.tsv
    log: logs/6210_1_MCF7-KO_pMT06_DMSO_rep1_ATCACG-AGCGCTAG_S1_extract_barcodes_from_fq.log
    jobid: 56
    wildcards: ecn=6210_1_MCF7-KO_pMT06_DMSO_rep1_ATCACG-AGCGCTAG_S1

[Tue Nov 17 10:30:33 2020]
Finished job 61.
16 of 63 steps (25%) done

[Tue Nov 17 10:30:33 2020]
rule extract_barcodes_from_fq:
    input: /DATA/usr/m.trauernicht/projects/SuRE_deep_scan_trp53_gr/data/gcf6210/raw/6210_37_MCF7-WT_pMT06_DMSO_rep3_TTAGGC-CGCAGACG_S37_R1_001.fastq.gz
    output: results/6210_37_MCF7-WT_pMT06_DMSO_rep3_TTAGGC-CGCAGACG_S37_barcodes.tsv
    log: logs/6210_37_MCF7-WT_pMT06_DMSO_rep3_TTAGGC-CGCAGACG_S37_extract_barcodes_from_fq.log
    jobid: 47
    wildcards: ecn=6210_37_MCF7-WT_pMT06_DMSO_rep3_TTAGGC-CGCAGACG_S37

[Tue Nov 17 10:30:33 2020]
Finished job 43.
17 of 63 steps (27%) done

[Tue Nov 17 10:30:33 2020]
rule extract_barcodes_from_fq:
    input: /DATA/usr/m.trauernicht/projects/SuRE_deep_scan_trp53_gr/data/gcf6210/raw/6210_36_MCF7-KO_pMT06_Nutlin_rep3_CGATGT-CGCAGACG_S36_R1_001.fastq.gz
    output: results/6210_36_MCF7-KO_pMT06_Nutlin_rep3_CGATGT-CGCAGACG_S36_barcodes.tsv
    log: logs/6210_36_MCF7-KO_pMT06_Nutlin_rep3_CGATGT-CGCAGACG_S36_extract_barcodes_from_fq.log
    jobid: 40
    wildcards: ecn=6210_36_MCF7-KO_pMT06_Nutlin_rep3_CGATGT-CGCAGACG_S36

[Tue Nov 17 10:30:40 2020]
Finished job 53.
18 of 63 steps (29%) done

[Tue Nov 17 10:30:40 2020]
rule extract_barcodes_from_fq:
    input: /DATA/usr/m.trauernicht/projects/SuRE_deep_scan_trp53_gr/data/gcf6210/raw/6210_38_MCF7-WT_pMT06_Nutlin_rep3_TGACCA-CGCAGACG_S38_R1_001.fastq.gz
    output: results/6210_38_MCF7-WT_pMT06_Nutlin_rep3_TGACCA-CGCAGACG_S38_barcodes.tsv
    log: logs/6210_38_MCF7-WT_pMT06_Nutlin_rep3_TGACCA-CGCAGACG_S38_extract_barcodes_from_fq.log
    jobid: 42
    wildcards: ecn=6210_38_MCF7-WT_pMT06_Nutlin_rep3_TGACCA-CGCAGACG_S38

[Tue Nov 17 10:30:45 2020]
Finished job 41.
19 of 63 steps (30%) done

[Tue Nov 17 10:30:45 2020]
rule extract_barcodes_from_fq:
    input: /DATA/usr/m.trauernicht/projects/SuRE_deep_scan_trp53_gr/data/gcf6210/raw/6210_18_MCF7-KO_pMT06_DMSO_rep2_ATCACG-GATATCGA_S18_R1_001.fastq.gz
    output: results/6210_18_MCF7-KO_pMT06_DMSO_rep2_ATCACG-GATATCGA_S18_barcodes.tsv
    log: logs/6210_18_MCF7-KO_pMT06_DMSO_rep2_ATCACG-GATATCGA_S18_extract_barcodes_from_fq.log
    jobid: 55
    wildcards: ecn=6210_18_MCF7-KO_pMT06_DMSO_rep2_ATCACG-GATATCGA_S18

[Tue Nov 17 10:30:49 2020]
Finished job 54.
20 of 63 steps (32%) done
[Tue Nov 17 10:30:54 2020]
Finished job 32.
21 of 63 steps (33%) done
[Tue Nov 17 10:31:05 2020]
Finished job 34.
22 of 63 steps (35%) done
[Tue Nov 17 10:31:27 2020]
Finished job 55.
23 of 63 steps (37%) done
[Tue Nov 17 10:31:28 2020]
Finished job 62.
24 of 63 steps (38%) done
[Tue Nov 17 10:31:29 2020]
Finished job 42.
25 of 63 steps (40%) done
[Tue Nov 17 10:31:31 2020]
Finished job 40.
26 of 63 steps (41%) done
[Tue Nov 17 10:31:32 2020]
Finished job 37.
27 of 63 steps (43%) done
[Tue Nov 17 10:31:37 2020]
Finished job 47.
28 of 63 steps (44%) done
[Tue Nov 17 10:31:40 2020]
Finished job 56.
29 of 63 steps (46%) done
[Tue Nov 17 10:31:49 2020]
Finished job 36.
30 of 63 steps (48%) done
[Tue Nov 17 10:31:57 2020]
Finished job 45.
31 of 63 steps (49%) done

[Tue Nov 17 10:31:57 2020]
rule cluster_ecn_barcodes:
    input: results/6210_43_A549_pMT06_Dex-10_rep3_TAGCTT-CGCAGACG_S43_barcodes.tsv
    output: results/6210_43_A549_pMT06_Dex-10_rep3_TAGCTT-CGCAGACG_S43_barcode_counts.tsv
    log: logs/6210_43_A549_pMT06_Dex-10_rep3_TAGCTT-CGCAGACG_S43_cluster_ecn_barcodes.log
    jobid: 26
    wildcards: ecn=6210_43_A549_pMT06_Dex-10_rep3_TAGCTT-CGCAGACG_S43
    threads: 12

[Tue Nov 17 10:31:57 2020]
Error in rule cluster_ecn_barcodes:
    jobid: 26
    output: results/6210_43_A549_pMT06_Dex-10_rep3_TAGCTT-CGCAGACG_S43_barcode_counts.tsv
    log: logs/6210_43_A549_pMT06_Dex-10_rep3_TAGCTT-CGCAGACG_S43_cluster_ecn_barcodes.log (check log file(s) for error message)
    shell:
        starcode --threads 12 --print-clusters -i results/6210_43_A549_pMT06_Dex-10_rep3_TAGCTT-CGCAGACG_S43_barcodes.tsv --dist 1 |         sort -k1,1 > results/6210_43_A549_pMT06_Dex-10_rep3_TAGCTT-CGCAGACG_S43_barcode_counts.tsv
        (one of the commands exited with non-zero exit code; note that snakemake uses bash strict mode!)

Removing output files of failed job cluster_ecn_barcodes since they might be corrupted:
results/6210_43_A549_pMT06_Dex-10_rep3_TAGCTT-CGCAGACG_S43_barcode_counts.tsv
Shutting down, this might take some time.
Exiting because a job execution failed. Look above for error message
Complete log: /DATA/usr/m.trauernicht/projects/SuRE_deep_scan_trp53_gr/stimulation_1/raw_data_analysis/.snakemake/log/2020-11-17T102459.618585.snakemake.log
